0 info it worked if it ends with ok
1 verbose cli [ '/Users/shunta/.nvm/versions/node/v0.12.7/bin/node',
1 verbose cli   '/Users/shunta/.nvm/versions/node/v0.12.7/bin/npm',
1 verbose cli   'install',
1 verbose cli   'typed.js',
1 verbose cli   '--save' ]
2 info using npm@2.11.3
3 info using node@v0.12.7
4 verbose install initial load of /Users/shunta/repo/introduction-to-wallabyjs/package.json
5 warn package.json introduction-to-wallabyjs@0.0.1 No repository field.
6 verbose installManyTop reading scoped package data from /Users/shunta/repo/introduction-to-wallabyjs/node_modules/babel/package.json
7 verbose installManyTop reading scoped package data from /Users/shunta/repo/introduction-to-wallabyjs/node_modules/babel-core/package.json
8 verbose installManyTop reading scoped package data from /Users/shunta/repo/introduction-to-wallabyjs/node_modules/babel-loader/package.json
9 verbose installManyTop reading scoped package data from /Users/shunta/repo/introduction-to-wallabyjs/node_modules/babel-preset-es2015/package.json
10 verbose installManyTop reading scoped package data from /Users/shunta/repo/introduction-to-wallabyjs/node_modules/browser-sync/package.json
11 verbose installManyTop reading scoped package data from /Users/shunta/repo/introduction-to-wallabyjs/node_modules/chai/package.json
12 verbose installManyTop reading scoped package data from /Users/shunta/repo/introduction-to-wallabyjs/node_modules/chai-jquery/package.json
13 verbose installManyTop reading scoped package data from /Users/shunta/repo/introduction-to-wallabyjs/node_modules/gulp/package.json
14 verbose installManyTop reading scoped package data from /Users/shunta/repo/introduction-to-wallabyjs/node_modules/gulp-load-plugins/package.json
15 verbose installManyTop reading scoped package data from /Users/shunta/repo/introduction-to-wallabyjs/node_modules/gulp-loader/package.json
16 verbose installManyTop reading scoped package data from /Users/shunta/repo/introduction-to-wallabyjs/node_modules/gulp-util/package.json
17 verbose installManyTop reading scoped package data from /Users/shunta/repo/introduction-to-wallabyjs/node_modules/gulp-webpack/package.json
18 verbose installManyTop reading scoped package data from /Users/shunta/repo/introduction-to-wallabyjs/node_modules/jquery/package.json
19 verbose installManyTop reading scoped package data from /Users/shunta/repo/introduction-to-wallabyjs/node_modules/lodash/package.json
20 verbose installManyTop reading scoped package data from /Users/shunta/repo/introduction-to-wallabyjs/node_modules/sinon/package.json
21 verbose installManyTop reading scoped package data from /Users/shunta/repo/introduction-to-wallabyjs/node_modules/sinon-chai/package.json
22 verbose installManyTop reading scoped package data from /Users/shunta/repo/introduction-to-wallabyjs/node_modules/wallaby-webpack/package.json
23 verbose installManyTop reading scoped package data from /Users/shunta/repo/introduction-to-wallabyjs/node_modules/webpack/package.json
24 info package.json jquery@2.1.4 No license field.
25 info package.json chai-jquery@2.0.0 No license field.
26 verbose readDependencies loading dependencies from /Users/shunta/repo/introduction-to-wallabyjs/package.json
27 silly cache add args [ 'typed.js', null ]
28 verbose cache add spec typed.js
29 silly cache add parsed spec { raw: 'typed.js',
29 silly cache add   scope: null,
29 silly cache add   name: 'typed.js',
29 silly cache add   rawSpec: '',
29 silly cache add   spec: '*',
29 silly cache add   type: 'range' }
30 silly addNamed typed.js@*
31 verbose addNamed "*" is a valid semver range for typed.js
32 silly addNameRange { name: 'typed.js', range: '*', hasData: false }
33 silly mapToRegistry name typed.js
34 silly mapToRegistry using default registry
35 silly mapToRegistry registry https://registry.npmjs.org/
36 silly mapToRegistry uri https://registry.npmjs.org/typed.js
37 verbose addNameRange registry:https://registry.npmjs.org/typed.js not in flight; fetching
38 verbose request uri https://registry.npmjs.org/typed.js
39 verbose request no auth needed
40 info attempt registry request try #1 at 20:48:55
41 verbose request id e29b00b26611e663
42 http request GET https://registry.npmjs.org/typed.js
43 http 404 https://registry.npmjs.org/typed.js
44 verbose headers { 'content-type': 'application/json',
44 verbose headers   'cache-control': 'max-age=0',
44 verbose headers   'content-length': '2',
44 verbose headers   'accept-ranges': 'bytes',
44 verbose headers   date: 'Sun, 06 Dec 2015 11:48:57 GMT',
44 verbose headers   via: '1.1 varnish',
44 verbose headers   age: '0',
44 verbose headers   connection: 'keep-alive',
44 verbose headers   'x-served-by': 'cache-nrt6129-NRT',
44 verbose headers   'x-cache': 'MISS',
44 verbose headers   'x-cache-hits': '0',
44 verbose headers   'x-timer': 'S1449402536.575376,VS0,VE489' }
45 silly get cb [ 404,
45 silly get   { 'content-type': 'application/json',
45 silly get     'cache-control': 'max-age=0',
45 silly get     'content-length': '2',
45 silly get     'accept-ranges': 'bytes',
45 silly get     date: 'Sun, 06 Dec 2015 11:48:57 GMT',
45 silly get     via: '1.1 varnish',
45 silly get     age: '0',
45 silly get     connection: 'keep-alive',
45 silly get     'x-served-by': 'cache-nrt6129-NRT',
45 silly get     'x-cache': 'MISS',
45 silly get     'x-cache-hits': '0',
45 silly get     'x-timer': 'S1449402536.575376,VS0,VE489' } ]
46 verbose stack Error: Registry returned 404 for GET on https://registry.npmjs.org/typed.js
46 verbose stack     at CachingRegistryClient.<anonymous> (/Users/shunta/.nvm/versions/node/v0.12.7/lib/node_modules/npm/node_modules/npm-registry-client/lib/request.js:239:14)
46 verbose stack     at Request._callback (/Users/shunta/.nvm/versions/node/v0.12.7/lib/node_modules/npm/node_modules/npm-registry-client/lib/request.js:170:14)
46 verbose stack     at Request.self.callback (/Users/shunta/.nvm/versions/node/v0.12.7/lib/node_modules/npm/node_modules/request/request.js:354:22)
46 verbose stack     at Request.emit (events.js:110:17)
46 verbose stack     at Request.<anonymous> (/Users/shunta/.nvm/versions/node/v0.12.7/lib/node_modules/npm/node_modules/request/request.js:1207:14)
46 verbose stack     at Request.emit (events.js:129:20)
46 verbose stack     at IncomingMessage.<anonymous> (/Users/shunta/.nvm/versions/node/v0.12.7/lib/node_modules/npm/node_modules/request/request.js:1153:12)
46 verbose stack     at IncomingMessage.emit (events.js:129:20)
46 verbose stack     at _stream_readable.js:908:16
46 verbose stack     at process._tickCallback (node.js:355:11)
47 verbose statusCode 404
48 verbose pkgid typed.js
49 verbose cwd /Users/shunta/repo/introduction-to-wallabyjs
50 error Darwin 14.5.0
51 error argv "/Users/shunta/.nvm/versions/node/v0.12.7/bin/node" "/Users/shunta/.nvm/versions/node/v0.12.7/bin/npm" "install" "typed.js" "--save"
52 error node v0.12.7
53 error npm  v2.11.3
54 error code E404
55 error 404 Registry returned 404 for GET on https://registry.npmjs.org/typed.js
55 error 404
55 error 404 'typed.js' is not in the npm registry.
55 error 404 You should bug the author to publish it (or use the name yourself!)
55 error 404 It was specified as a dependency of 'introduction-to-wallabyjs'
55 error 404
55 error 404 Note that you can also install from a
55 error 404 tarball, folder, http url, or git url.
56 verbose exit [ 1, true ]
